Using pre-set license
Built from '2020.3/staging' branch; Version is '2020.3.32f1 (12f8b0834f07) revision 1243312'; Using compiler version '192528614'; Build Type 'Release'
OS: 'Windows 10  (10.0.19043) 64bit Professional' Language: 'en' Physical Memory: 16231 MB
BatchMode: 1, IsHumanControllingUs: 0, StartBugReporterOnCrash: 0, Is64bit: 1, IsPro: 0

COMMAND LINE ARGUMENTS:
D:\Unity\2020.3.32f1\Editor\Unity.exe
-adb2
-batchMode
-noUpm
-name
AssetImportWorker0
-projectPath
D:/Unity Project/WFSTN Clone
-logFile
Logs/AssetImportWorker0.log
-srvPort
50867
Successfully changed project path to: D:/Unity Project/WFSTN Clone
D:/Unity Project/WFSTN Clone
Using Asset Import Pipeline V2.
Refreshing native plugins compatible for Editor in 34.91 ms, found 2 plugins.
Preloading 0 native plugins for Editor in 0.00 ms.
Initialize engine version: 2020.3.32f1 (12f8b0834f07)
[Subsystems] Discovering subsystems at path D:/Unity/2020.3.32f1/Editor/Data/Resources/UnitySubsystems
[Subsystems] Discovering subsystems at path D:/Unity Project/WFSTN Clone/Assets
GfxDevice: creating device client; threaded=0
Direct3D:
    Version:  Direct3D 11.0 [level 11.0]
    Renderer: NVIDIA Quadro M1000M (ID=0x13b1)
    Vendor:   
    VRAM:     4053 MB
    Driver:   27.21.14.5296
Initialize mono
Mono path[0] = 'D:/Unity/2020.3.32f1/Editor/Data/Managed'
Mono path[1] = 'D:/Unity/2020.3.32f1/Editor/Data/MonoBleedingEdge/lib/mono/unityjit'
Mono config path = 'D:/Unity/2020.3.32f1/Editor/Data/MonoBleedingEdge/etc'
Using monoOptions --debugger-agent=transport=dt_socket,embedding=1,server=y,suspend=n,address=127.0.0.1:56304
Begin MonoManager ReloadAssembly
Registering precompiled unity dll's ...
Register platform support module: D:/Unity/2020.3.32f1/Editor/Data/PlaybackEngines/WindowsStandaloneSupport/UnityEditor.WindowsStandalone.Extensions.dll
Registered in 0.001963 seconds.
Native extension for WindowsStandalone target not found
Refreshing native plugins compatible for Editor in 36.32 ms, found 2 plugins.
Preloading 0 native plugins for Editor in 0.00 ms.
Mono: successfully reloaded assembly
- Completed reload, in  0.714 seconds
Domain Reload Profiling:
	ReloadAssembly (714ms)
		BeginReloadAssembly (95ms)
			ExecutionOrderSort (0ms)
			DisableScriptedObjects (0ms)
			BackupInstance (0ms)
			ReleaseScriptingObjects (0ms)
			CreateAndSetChildDomain (1ms)
		EndReloadAssembly (534ms)
			LoadAssemblies (95ms)
			RebuildTransferFunctionScriptingTraits (0ms)
			SetupTypeCache (194ms)
			ReleaseScriptCaches (0ms)
			RebuildScriptCaches (40ms)
			SetupLoadedEditorAssemblies (185ms)
				LogAssemblyErrors (0ms)
				InitializePlatformSupportModulesInManaged (5ms)
				SetLoadedEditorAssemblies (0ms)
				RefreshPlugins (36ms)
				BeforeProcessingInitializeOnLoad (20ms)
				ProcessInitializeOnLoadAttributes (91ms)
				ProcessInitializeOnLoadMethodAttributes (32ms)
				AfterProcessingInitializeOnLoad (0ms)
				EditorAssembliesLoaded (0ms)
			ExecutionOrderSort2 (0ms)
			AwakeInstancesAfterBackupRestoration (0ms)
Platform modules already initialized, skipping
Registering precompiled user dll's ...
Registered in 0.003654 seconds.
Begin MonoManager ReloadAssembly
Native extension for WindowsStandalone target not found
Refreshing native plugins compatible for Editor in 0.34 ms, found 2 plugins.
Preloading 0 native plugins for Editor in 0.00 ms.
Mono: successfully reloaded assembly
- Completed reload, in  1.312 seconds
Domain Reload Profiling:
	ReloadAssembly (1313ms)
		BeginReloadAssembly (189ms)
			ExecutionOrderSort (0ms)
			DisableScriptedObjects (5ms)
			BackupInstance (0ms)
			ReleaseScriptingObjects (0ms)
			CreateAndSetChildDomain (21ms)
		EndReloadAssembly (1062ms)
			LoadAssemblies (125ms)
			RebuildTransferFunctionScriptingTraits (0ms)
			SetupTypeCache (441ms)
			ReleaseScriptCaches (0ms)
			RebuildScriptCaches (57ms)
			SetupLoadedEditorAssemblies (339ms)
				LogAssemblyErrors (0ms)
				InitializePlatformSupportModulesInManaged (5ms)
				SetLoadedEditorAssemblies (1ms)
				RefreshPlugins (0ms)
				BeforeProcessingInitializeOnLoad (84ms)
				ProcessInitializeOnLoadAttributes (236ms)
				ProcessInitializeOnLoadMethodAttributes (10ms)
				AfterProcessingInitializeOnLoad (3ms)
				EditorAssembliesLoaded (0ms)
			ExecutionOrderSort2 (0ms)
			AwakeInstancesAfterBackupRestoration (7ms)
Platform modules already initialized, skipping
========================================================================
Worker process is ready to serve import requests
Launched and connected shader compiler UnityShaderCompiler.exe after 0.10 seconds
Refreshing native plugins compatible for Editor in 0.36 ms, found 2 plugins.
Preloading 0 native plugins for Editor in 0.00 ms.
Unloading 1506 Unused Serialized files (Serialized files now loaded: 0)
System memory in use before: 68.5 MB.
System memory in use after: 68.6 MB.

Unloading 16 unused Assets to reduce memory usage. Loaded Objects now: 1942.
Total: 3.866800 ms (FindLiveObjects: 0.253600 ms CreateObjectMapping: 0.082800 ms MarkObjects: 3.386000 ms  DeleteObjects: 0.138000 ms)

AssetImportParameters requested are different than current active one (requested -> active):
  custom:framework-win-MediaFoundation: 216162199b28c13a410421893ffa2e32 -> 
  custom:video-decoder-ogg-theora: a1e56fd34408186e4bbccfd4996cb3dc -> 
  custom:container-muxer-webm: aa71ff27fc2769a1b78a27578f13a17b -> 
  custom:container-demuxer-webm: 4f35f7cbe854078d1ac9338744f61a02 -> 
  custom:container-demuxer-ogg: 62fdf1f143b41e24485cea50d1cbac27 -> 
  custom:video-encoder-webm-vp8: eb34c28f22e8b96e1ab97ce403110664 -> 
  custom:video-decoder-webm-vp8: 9c59270c3fd7afecdb556c50c9e8de78 -> 
  custom:audio-decoder-ogg-vorbis: bf7c407c2cedff20999df2af8eb42d56 -> 
  custom:audio-encoder-webm-vorbis: bf7c407c2cedff20999df2af8eb42d56 -> 
========================================================================
Received Import Request.
  path: Assets/Scenes
  artifactKey: Guid(ae275fde754acb54bb4630a9e1ab4d74) Importer(815301076,1909f56bfc062723c751e8b465ee728b)
Start importing Assets/Scenes using Guid(ae275fde754acb54bb4630a9e1ab4d74) Importer(815301076,1909f56bfc062723c751e8b465ee728b)  -> (artifact id: 'e850464685f1ba898b75f9cc4afad892') in 0.008703 seconds 
========================================================================
Received Import Request.
  Time since last request: 0.000569 seconds.
  path: Assets/Scenes/SampleScene.unity
  artifactKey: Guid(9fc0d4010bbf28b4594072e72b8655ab) Importer(815301076,1909f56bfc062723c751e8b465ee728b)
Start importing Assets/Scenes/SampleScene.unity using Guid(9fc0d4010bbf28b4594072e72b8655ab) Importer(815301076,1909f56bfc062723c751e8b465ee728b)  -> (artifact id: 'd058ecd7042e6aecc58d3b5ad66a20d3') in 0.006113 seconds 
========================================================================
Received Import Request.
  Time since last request: 9.828718 seconds.
  path: Assets/Scenes/Level001.unity
  artifactKey: Guid(9fc0d4010bbf28b4594072e72b8655ab) Importer(815301076,1909f56bfc062723c751e8b465ee728b)
Start importing Assets/Scenes/Level001.unity using Guid(9fc0d4010bbf28b4594072e72b8655ab) Importer(815301076,1909f56bfc062723c751e8b465ee728b)  -> (artifact id: 'fbc38920ed32413e71337fea69e1cf7e') in 0.010566 seconds 
========================================================================
Received Import Request.
  Time since last request: 13.920856 seconds.
  path: Assets
  artifactKey: Guid(00000000000000001000000000000000) Importer(815301076,1909f56bfc062723c751e8b465ee728b)
Start importing Assets using Guid(00000000000000001000000000000000) Importer(815301076,1909f56bfc062723c751e8b465ee728b)  -> (artifact id: '42d402b061de3733987d63b9cc3b64de') in 0.009776 seconds 
========================================================================
Received Import Request.
  Time since last request: 4.559539 seconds.
  path: Assets/Textures
  artifactKey: Guid(5caae363abbc8e74e95cbbf97d56013d) Importer(815301076,1909f56bfc062723c751e8b465ee728b)
Start importing Assets/Textures using Guid(5caae363abbc8e74e95cbbf97d56013d) Importer(815301076,1909f56bfc062723c751e8b465ee728b)  -> (artifact id: '3ba565296fbf8c5dc14a1df37daaba06') in 0.009707 seconds 
========================================================================
Received Import Request.
  Time since last request: 14.504991 seconds.
  path: Assets/Textures/wall_001.png
  artifactKey: Guid(b120d588066c8874f9dd2b85e3cbd50c) Importer(815301076,1909f56bfc062723c751e8b465ee728b)
Start importing Assets/Textures/wall_001.png using Guid(b120d588066c8874f9dd2b85e3cbd50c) Importer(815301076,1909f56bfc062723c751e8b465ee728b)  -> (artifact id: '1960c1f04b61c5d0da306f81a8d1580c') in 0.127535 seconds 
========================================================================
Received Import Request.
  Time since last request: 0.000375 seconds.
  path: Assets/Textures/wall_002.png
  artifactKey: Guid(0ac0456c49d8e3242aa2546dea7b23bb) Importer(815301076,1909f56bfc062723c751e8b465ee728b)
Start importing Assets/Textures/wall_002.png using Guid(0ac0456c49d8e3242aa2546dea7b23bb) Importer(815301076,1909f56bfc062723c751e8b465ee728b)  -> (artifact id: 'eb8ed38df42ba4f65f91e2f67bf017d4') in 0.022760 seconds 
========================================================================
Received Import Request.
  Time since last request: 8.706250 seconds.
  path: Assets/Textures/ground001.jpg
  artifactKey: Guid(46858b8d18545f34897a7e6919561eaa) Importer(815301076,1909f56bfc062723c751e8b465ee728b)
Start importing Assets/Textures/ground001.jpg using Guid(46858b8d18545f34897a7e6919561eaa) Importer(815301076,1909f56bfc062723c751e8b465ee728b)  -> (artifact id: '03e93ad642d95938caad78b7dc6cd8eb') in 0.022894 seconds 
========================================================================
Received Import Request.
  Time since last request: 111.564635 seconds.
  path: Assets/Textures/ground001 1.jpg
  artifactKey: Guid(df86ca6ad2059a446a8ccecfd2f4253a) Importer(815301076,1909f56bfc062723c751e8b465ee728b)
Start importing Assets/Textures/ground001 1.jpg using Guid(df86ca6ad2059a446a8ccecfd2f4253a) Importer(815301076,1909f56bfc062723c751e8b465ee728b)  -> (artifact id: '944068c49df39f1fb6c881f30bdefa40') in 0.024050 seconds 
========================================================================
Received Import Request.
  Time since last request: 7.291225 seconds.
  path: Assets/Textures/ground001_N.jpg
  artifactKey: Guid(df86ca6ad2059a446a8ccecfd2f4253a) Importer(815301076,1909f56bfc062723c751e8b465ee728b)
Start importing Assets/Textures/ground001_N.jpg using Guid(df86ca6ad2059a446a8ccecfd2f4253a) Importer(815301076,1909f56bfc062723c751e8b465ee728b)  -> (artifact id: 'b19e25c2a48230a3618b3de399b7b8f8') in 0.019720 seconds 
========================================================================
Received Import Request.
  Time since last request: 8.756398 seconds.
  path: Assets/Textures/ground001_N.jpg
  artifactKey: Guid(df86ca6ad2059a446a8ccecfd2f4253a) Importer(815301076,1909f56bfc062723c751e8b465ee728b)
Start importing Assets/Textures/ground001_N.jpg using Guid(df86ca6ad2059a446a8ccecfd2f4253a) Importer(815301076,1909f56bfc062723c751e8b465ee728b)  -> (artifact id: '86e8130093bfa225f148da8f0129103d') in 0.043759 seconds 
========================================================================
Received Import Request.
  Time since last request: 101.325534 seconds.
  path: Assets/Materials/ground001.mat
  artifactKey: Guid(9eb771160169b564fb05456602b7e3ab) Importer(815301076,1909f56bfc062723c751e8b465ee728b)
Start importing Assets/Materials/ground001.mat using Guid(9eb771160169b564fb05456602b7e3ab) Importer(815301076,1909f56bfc062723c751e8b465ee728b)  -> (artifact id: '6a24e29cb52dcf2c7135a5b76996d27b') in 0.117799 seconds 
========================================================================
Received Import Request.
  Time since last request: 134.744302 seconds.
  path: Assets/Textures/ground001_N.jpg
  artifactKey: Guid(df86ca6ad2059a446a8ccecfd2f4253a) Importer(815301076,1909f56bfc062723c751e8b465ee728b)
Start importing Assets/Textures/ground001_N.jpg using Guid(df86ca6ad2059a446a8ccecfd2f4253a) Importer(815301076,1909f56bfc062723c751e8b465ee728b)  -> (artifact id: '3146db538978ae17dc5034cd2b990223') in 0.018507 seconds 
========================================================================
Received Import Request.
  Time since last request: 164.131888 seconds.
  path: Assets/Materials/ground001.mat
  artifactKey: Guid(9eb771160169b564fb05456602b7e3ab) Importer(815301076,1909f56bfc062723c751e8b465ee728b)
Start importing Assets/Materials/ground001.mat using Guid(9eb771160169b564fb05456602b7e3ab) Importer(815301076,1909f56bfc062723c751e8b465ee728b)  -> (artifact id: 'ade1717884cb37c24ce5d9429d795f88') in 0.037848 seconds 
========================================================================
Received Import Request.
  Time since last request: 0.487507 seconds.
  path: Assets/Materials
  artifactKey: Guid(48f4c4949d4a8074ea20a0a610a432af) Importer(815301076,1909f56bfc062723c751e8b465ee728b)
Start importing Assets/Materials using Guid(48f4c4949d4a8074ea20a0a610a432af) Importer(815301076,1909f56bfc062723c751e8b465ee728b)  -> (artifact id: 'f80e573eab9dc68b19cd5bdcdcf7835f') in 0.008642 seconds 
========================================================================
Received Import Request.
  Time since last request: 8.275348 seconds.
  path: Assets/Materials/wall001.mat
  artifactKey: Guid(8583419da2699bd4298c0f574e958657) Importer(815301076,1909f56bfc062723c751e8b465ee728b)
Start importing Assets/Materials/wall001.mat using Guid(8583419da2699bd4298c0f574e958657) Importer(815301076,1909f56bfc062723c751e8b465ee728b)  -> (artifact id: 'd4a1334363d265caa2e140e6e9c1d33c') in 0.018578 seconds 
========================================================================
Received Import Request.
  Time since last request: 22.705787 seconds.
  path: Assets/Materials/wall001.mat
  artifactKey: Guid(8583419da2699bd4298c0f574e958657) Importer(815301076,1909f56bfc062723c751e8b465ee728b)
Start importing Assets/Materials/wall001.mat using Guid(8583419da2699bd4298c0f574e958657) Importer(815301076,1909f56bfc062723c751e8b465ee728b)  -> (artifact id: '49f3de807520b5c3439c70524197a64a') in 0.024093 seconds 
========================================================================
Received Import Request.
  Time since last request: 15.429200 seconds.
  path: Assets/Textures/wall_001 1.png
  artifactKey: Guid(6a15037e1b3a17846bb5a3e9511f316a) Importer(815301076,1909f56bfc062723c751e8b465ee728b)
Start importing Assets/Textures/wall_001 1.png using Guid(6a15037e1b3a17846bb5a3e9511f316a) Importer(815301076,1909f56bfc062723c751e8b465ee728b)  -> (artifact id: '3982113ac31a968d07f02639462b0bf1') in 0.029004 seconds 
========================================================================
Received Import Request.
  Time since last request: 5.225863 seconds.
  path: Assets/Textures/wall_001_N.png
  artifactKey: Guid(6a15037e1b3a17846bb5a3e9511f316a) Importer(815301076,1909f56bfc062723c751e8b465ee728b)
Start importing Assets/Textures/wall_001_N.png using Guid(6a15037e1b3a17846bb5a3e9511f316a) Importer(815301076,1909f56bfc062723c751e8b465ee728b)  -> (artifact id: 'bea84111b3d581ee372288aa5856237e') in 0.016363 seconds 
========================================================================
Received Import Request.
  Time since last request: 5.998601 seconds.
  path: Assets/Textures/wall_001_N.png
  artifactKey: Guid(6a15037e1b3a17846bb5a3e9511f316a) Importer(815301076,1909f56bfc062723c751e8b465ee728b)
Start importing Assets/Textures/wall_001_N.png using Guid(6a15037e1b3a17846bb5a3e9511f316a) Importer(815301076,1909f56bfc062723c751e8b465ee728b)  -> (artifact id: 'e31cc5fd2270134e4d52aafaf504dae7') in 0.017122 seconds 
========================================================================
Received Import Request.
  Time since last request: 170.908261 seconds.
  path: Assets/Textures/wall_001_N.png
  artifactKey: Guid(6a15037e1b3a17846bb5a3e9511f316a) Importer(815301076,1909f56bfc062723c751e8b465ee728b)
Start importing Assets/Textures/wall_001_N.png using Guid(6a15037e1b3a17846bb5a3e9511f316a) Importer(815301076,1909f56bfc062723c751e8b465ee728b)  -> (artifact id: 'f84dfccad37f58338b7217ce6f1fd3aa') in 0.017264 seconds 
========================================================================
Received Import Request.
  Time since last request: 3.026225 seconds.
  path: Assets/Materials/ground001.mat
  artifactKey: Guid(9eb771160169b564fb05456602b7e3ab) Importer(815301076,1909f56bfc062723c751e8b465ee728b)
Start importing Assets/Materials/ground001.mat using Guid(9eb771160169b564fb05456602b7e3ab) Importer(815301076,1909f56bfc062723c751e8b465ee728b)  -> (artifact id: 'ed69fb7c3ee154d46873c34beab33c3a') in 0.027774 seconds 
========================================================================
Received Import Request.
  Time since last request: 0.000341 seconds.
  path: Assets/Materials/wall001.mat
  artifactKey: Guid(8583419da2699bd4298c0f574e958657) Importer(815301076,1909f56bfc062723c751e8b465ee728b)
Start importing Assets/Materials/wall001.mat using Guid(8583419da2699bd4298c0f574e958657) Importer(815301076,1909f56bfc062723c751e8b465ee728b)  -> (artifact id: 'fcea31bf692d0245abc90682c074365e') in 0.021849 seconds 
========================================================================
Received Import Request.
  Time since last request: 25.532167 seconds.
  path: Assets/Materials/wall001.mat
  artifactKey: Guid(8583419da2699bd4298c0f574e958657) Importer(815301076,1909f56bfc062723c751e8b465ee728b)
Start importing Assets/Materials/wall001.mat using Guid(8583419da2699bd4298c0f574e958657) Importer(815301076,1909f56bfc062723c751e8b465ee728b)  -> (artifact id: '9296e5aedf847a3ddc32da0d9e87922e') in 0.022176 seconds 
========================================================================
Received Import Request.
  Time since last request: 192.738618 seconds.
  path: Assets/Textures/wall_002 1.png
  artifactKey: Guid(2fb8839f9af325049ae37aa3dad6b4aa) Importer(815301076,1909f56bfc062723c751e8b465ee728b)
Start importing Assets/Textures/wall_002 1.png using Guid(2fb8839f9af325049ae37aa3dad6b4aa) Importer(815301076,1909f56bfc062723c751e8b465ee728b)  -> (artifact id: '91834a4270eac9647332abf29f3ebd06') in 0.017488 seconds 
========================================================================
Received Import Request.
  Time since last request: 5.157508 seconds.
  path: Assets/Textures/wall_002_N.png
  artifactKey: Guid(2fb8839f9af325049ae37aa3dad6b4aa) Importer(815301076,1909f56bfc062723c751e8b465ee728b)
Start importing Assets/Textures/wall_002_N.png using Guid(2fb8839f9af325049ae37aa3dad6b4aa) Importer(815301076,1909f56bfc062723c751e8b465ee728b)  -> (artifact id: '2a38ae213118a331c772f265f73465ec') in 0.016457 seconds 
========================================================================
Received Import Request.
  Time since last request: 3.866092 seconds.
  path: Assets/Textures/wall_002_N.png
  artifactKey: Guid(2fb8839f9af325049ae37aa3dad6b4aa) Importer(815301076,1909f56bfc062723c751e8b465ee728b)
Start importing Assets/Textures/wall_002_N.png using Guid(2fb8839f9af325049ae37aa3dad6b4aa) Importer(815301076,1909f56bfc062723c751e8b465ee728b)  -> (artifact id: 'e748583c758119e0d6ec2decfa6ddcd7') in 0.014595 seconds 
========================================================================
Received Import Request.
  Time since last request: 2.962016 seconds.
  path: Assets/Materials/wall_002.mat
  artifactKey: Guid(be6a57788906f8b4bbd3a65fab4af09f) Importer(815301076,1909f56bfc062723c751e8b465ee728b)
Start importing Assets/Materials/wall_002.mat using Guid(be6a57788906f8b4bbd3a65fab4af09f) Importer(815301076,1909f56bfc062723c751e8b465ee728b)  -> (artifact id: 'ae5c58e0f91b35d0212327de6d5b7d9c') in 0.015366 seconds 
========================================================================
Received Import Request.
  Time since last request: 11.767682 seconds.
  path: Assets/Materials/wall_002.mat
  artifactKey: Guid(be6a57788906f8b4bbd3a65fab4af09f) Importer(815301076,1909f56bfc062723c751e8b465ee728b)
Start importing Assets/Materials/wall_002.mat using Guid(be6a57788906f8b4bbd3a65fab4af09f) Importer(815301076,1909f56bfc062723c751e8b465ee728b)  -> (artifact id: '1b0f00aa88c35378602409de9eec8ad1') in 0.014665 seconds 
========================================================================
Received Import Request.
  Time since last request: 267.657024 seconds.
  path: Assets/Textures/door_001.png
  artifactKey: Guid(47adbb14887a89b44ba227ee7d989b4b) Importer(815301076,1909f56bfc062723c751e8b465ee728b)
Start importing Assets/Textures/door_001.png using Guid(47adbb14887a89b44ba227ee7d989b4b) Importer(815301076,1909f56bfc062723c751e8b465ee728b)  -> (artifact id: 'd67cd028b1e5ac129ead86b95bc84ad9') in 0.020271 seconds 
========================================================================
Received Import Request.
  Time since last request: 0.000249 seconds.
  path: Assets/Textures/door_002.png
  artifactKey: Guid(bb448d7fb0ce2d84f84d23ba267f7916) Importer(815301076,1909f56bfc062723c751e8b465ee728b)
Start importing Assets/Textures/door_002.png using Guid(bb448d7fb0ce2d84f84d23ba267f7916) Importer(815301076,1909f56bfc062723c751e8b465ee728b)  -> (artifact id: '211b179d4bd212a74e98744b3f5e6042') in 0.012882 seconds 
========================================================================
Received Import Request.
  Time since last request: 789.558024 seconds.
  path: Assets/Textures/door_001 1.png
  artifactKey: Guid(b41c425bfb496f24683d9bb6033e04d6) Importer(815301076,1909f56bfc062723c751e8b465ee728b)
Start importing Assets/Textures/door_001 1.png using Guid(b41c425bfb496f24683d9bb6033e04d6) Importer(815301076,1909f56bfc062723c751e8b465ee728b)  -> (artifact id: 'bf750bbd8305ac6c10da79bc7e9d54ab') in 0.020209 seconds 
========================================================================
Received Import Request.
  Time since last request: 6.109059 seconds.
  path: Assets/Textures/door_001_N.png
  artifactKey: Guid(b41c425bfb496f24683d9bb6033e04d6) Importer(815301076,1909f56bfc062723c751e8b465ee728b)
Start importing Assets/Textures/door_001_N.png using Guid(b41c425bfb496f24683d9bb6033e04d6) Importer(815301076,1909f56bfc062723c751e8b465ee728b)  -> (artifact id: '970f102e0fe438da5543b3ab928cb936') in 0.017301 seconds 
========================================================================
Received Import Request.
  Time since last request: 4.139444 seconds.
  path: Assets/Textures/door_001_N.png
  artifactKey: Guid(b41c425bfb496f24683d9bb6033e04d6) Importer(815301076,1909f56bfc062723c751e8b465ee728b)
Start importing Assets/Textures/door_001_N.png using Guid(b41c425bfb496f24683d9bb6033e04d6) Importer(815301076,1909f56bfc062723c751e8b465ee728b)  -> (artifact id: 'c2e0298f41acbf8405d68b66f4f2b346') in 0.019910 seconds 
========================================================================
Received Import Request.
  Time since last request: 5.809956 seconds.
  path: Assets/Textures/door_001_N.png
  artifactKey: Guid(b41c425bfb496f24683d9bb6033e04d6) Importer(815301076,1909f56bfc062723c751e8b465ee728b)
Start importing Assets/Textures/door_001_N.png using Guid(b41c425bfb496f24683d9bb6033e04d6) Importer(815301076,1909f56bfc062723c751e8b465ee728b)  -> (artifact id: 'f9a7839f9520dd463bfd8a834e50a063') in 0.020936 seconds 
========================================================================
Received Import Request.
  Time since last request: 4.139476 seconds.
  path: Assets/Textures/door_002 1.png
  artifactKey: Guid(d75cd7cbf336df4479262260bbc4b24f) Importer(815301076,1909f56bfc062723c751e8b465ee728b)
Start importing Assets/Textures/door_002 1.png using Guid(d75cd7cbf336df4479262260bbc4b24f) Importer(815301076,1909f56bfc062723c751e8b465ee728b)  -> (artifact id: '4041caa838d9e8788be6504fd592c2db') in 0.017124 seconds 
========================================================================
Received Import Request.
  Time since last request: 7.822278 seconds.
  path: Assets/Textures/door_002_N.png
  artifactKey: Guid(d75cd7cbf336df4479262260bbc4b24f) Importer(815301076,1909f56bfc062723c751e8b465ee728b)
Start importing Assets/Textures/door_002_N.png using Guid(d75cd7cbf336df4479262260bbc4b24f) Importer(815301076,1909f56bfc062723c751e8b465ee728b)  -> (artifact id: 'cda8786e92d68f406c3a5f51c5fbc80a') in 0.031027 seconds 
========================================================================
Received Import Request.
  Time since last request: 6.603382 seconds.
  path: Assets/Textures/door_002_N.png
  artifactKey: Guid(d75cd7cbf336df4479262260bbc4b24f) Importer(815301076,1909f56bfc062723c751e8b465ee728b)
Start importing Assets/Textures/door_002_N.png using Guid(d75cd7cbf336df4479262260bbc4b24f) Importer(815301076,1909f56bfc062723c751e8b465ee728b)  -> (artifact id: '42f4ca33c03053ce2386463170524d8a') in 0.017604 seconds 
========================================================================
Received Prepare
Registering precompiled user dll's ...
Registered in 0.003582 seconds.
Begin MonoManager ReloadAssembly
Native extension for WindowsStandalone target not found
Refreshing native plugins compatible for Editor in 0.46 ms, found 2 plugins.
Preloading 0 native plugins for Editor in 0.00 ms.
Mono: successfully reloaded assembly
- Completed reload, in  1.237 seconds
Domain Reload Profiling:
	ReloadAssembly (1237ms)
		BeginReloadAssembly (191ms)
			ExecutionOrderSort (0ms)
			DisableScriptedObjects (5ms)
			BackupInstance (0ms)
			ReleaseScriptingObjects (0ms)
			CreateAndSetChildDomain (65ms)
		EndReloadAssembly (968ms)
			LoadAssemblies (161ms)
			RebuildTransferFunctionScriptingTraits (0ms)
			SetupTypeCache (354ms)
			ReleaseScriptCaches (1ms)
			RebuildScriptCaches (47ms)
			SetupLoadedEditorAssemblies (334ms)
				LogAssemblyErrors (0ms)
				InitializePlatformSupportModulesInManaged (4ms)
				SetLoadedEditorAssemblies (1ms)
				RefreshPlugins (1ms)
				BeforeProcessingInitializeOnLoad (77ms)
				ProcessInitializeOnLoadAttributes (236ms)
				ProcessInitializeOnLoadMethodAttributes (10ms)
				AfterProcessingInitializeOnLoad (4ms)
				EditorAssembliesLoaded (0ms)
			ExecutionOrderSort2 (0ms)
			AwakeInstancesAfterBackupRestoration (8ms)
Platform modules already initialized, skipping
Refreshing native plugins compatible for Editor in 0.32 ms, found 2 plugins.
Preloading 0 native plugins for Editor in 0.00 ms.
Unloading 1500 Unused Serialized files (Serialized files now loaded: 0)
System memory in use before: 71.9 MB.
System memory in use after: 72.0 MB.

Unloading 11 unused Assets to reduce memory usage. Loaded Objects now: 1988.
Total: 3.032900 ms (FindLiveObjects: 0.128200 ms CreateObjectMapping: 0.050300 ms MarkObjects: 2.792200 ms  DeleteObjects: 0.061300 ms)

AssetImportParameters requested are different than current active one (requested -> active):
  custom:framework-win-MediaFoundation: 216162199b28c13a410421893ffa2e32 -> 
  custom:video-decoder-ogg-theora: a1e56fd34408186e4bbccfd4996cb3dc -> 
  custom:container-muxer-webm: aa71ff27fc2769a1b78a27578f13a17b -> 
  custom:container-demuxer-webm: 4f35f7cbe854078d1ac9338744f61a02 -> 
  custom:container-demuxer-ogg: 62fdf1f143b41e24485cea50d1cbac27 -> 
  custom:video-encoder-webm-vp8: eb34c28f22e8b96e1ab97ce403110664 -> 
  custom:video-decoder-webm-vp8: 9c59270c3fd7afecdb556c50c9e8de78 -> 
  custom:audio-decoder-ogg-vorbis: bf7c407c2cedff20999df2af8eb42d56 -> 
  custom:audio-encoder-webm-vorbis: bf7c407c2cedff20999df2af8eb42d56 -> 
AssetImportWorkerClient::OnTransportError - code=2 error=End of file
